[debug] [2020-07-10T00:39:53.000Z] ----------------------------------------------------------------------
[debug] [2020-07-10T00:39:53.003Z] Command:       /usr/local/bin/node /usr/local/bin/firebase serve
[debug] [2020-07-10T00:39:53.003Z] CLI Version:   8.4.1
[debug] [2020-07-10T00:39:53.003Z] Platform:      darwin
[debug] [2020-07-10T00:39:53.003Z] Node Version:  v12.17.0
[debug] [2020-07-10T00:39:53.026Z] Time:          Thu Jul 09 2020 17:39:53 GMT-0700 (Pacific Daylight Time)
[debug] [2020-07-10T00:39:53.026Z] ----------------------------------------------------------------------
[debug] [2020-07-10T00:39:53.026Z] 
[debug] [2020-07-10T00:39:53.043Z] > command requires scopes: ["email","openid","https://www.googleapis.com/auth/cloudplatformprojects.readonly","https://www.googleapis.com/auth/firebase","https://www.googleapis.com/auth/cloud-platform"]
[debug] [2020-07-10T00:39:53.043Z] > authorizing via signed-in user
[debug] [2020-07-10T00:39:53.043Z] [iam] checking project soccer-blog-723a1 for permissions ["firebase.projects.get"]
[debug] [2020-07-10T00:39:53.045Z] > refreshing access token with scopes: ["email","https://www.googleapis.com/auth/cloud-platform","https://www.googleapis.com/auth/cloudplatformprojects.readonly","https://www.googleapis.com/auth/firebase","openid"]
[debug] [2020-07-10T00:39:53.045Z] >>> HTTP REQUEST POST https://www.googleapis.com/oauth2/v3/token  
 <request body omitted>
[debug] [2020-07-10T00:39:53.221Z] <<< HTTP RESPONSE 200 {"content-type":"application/json; charset=utf-8","vary":"X-Origin, Referer, Origin,Accept-Encoding","date":"Fri, 10 Jul 2020 00:39:53 GMT","server":"scaffolding on HTTPServer2","cache-control":"private","x-xss-protection":"0","x-frame-options":"SAMEORIGIN","x-content-type-options":"nosniff","alt-svc":"h3-29=\":443\"; ma=2592000,h3-27=\":443\"; ma=2592000,h3-25=\":443\"; ma=2592000,h3-T050=\":443\"; ma=2592000,h3-Q050=\":443\"; ma=2592000,h3-Q046=\":443\"; ma=2592000,h3-Q043=\":443\"; ma=2592000,quic=\":443\"; ma=2592000; v=\"46,43\"","accept-ranges":"none","transfer-encoding":"chunked"}
[debug] [2020-07-10T00:39:53.239Z] >>> HTTP REQUEST POST https://cloudresourcemanager.googleapis.com/v1/projects/soccer-blog-723a1:testIamPermissions  
 {"permissions":["firebase.projects.get"]}
[debug] [2020-07-10T00:39:53.619Z] <<< HTTP RESPONSE 200 {"content-type":"application/json; charset=UTF-8","vary":"X-Origin, Referer, Origin,Accept-Encoding","date":"Fri, 10 Jul 2020 00:39:53 GMT","server":"ESF","cache-control":"private","x-xss-protection":"0","x-frame-options":"SAMEORIGIN","x-content-type-options":"nosniff","server-timing":"gfet4t7; dur=184","alt-svc":"h3-29=\":443\"; ma=2592000,h3-27=\":443\"; ma=2592000,h3-25=\":443\"; ma=2592000,h3-T050=\":443\"; ma=2592000,h3-Q050=\":443\"; ma=2592000,h3-Q046=\":443\"; ma=2592000,h3-Q043=\":443\"; ma=2592000,quic=\":443\"; ma=2592000; v=\"46,43\"","accept-ranges":"none","transfer-encoding":"chunked"}
[debug] [2020-07-10T00:39:53.620Z] >>> HTTP REQUEST GET https://firebase.googleapis.com/v1beta1/projects/soccer-blog-723a1  
 
[debug] [2020-07-10T00:39:53.873Z] <<< HTTP RESPONSE 200 {"content-type":"application/json; charset=UTF-8","vary":"X-Origin, Referer, Origin,Accept-Encoding","date":"Fri, 10 Jul 2020 00:39:53 GMT","server":"ESF","cache-control":"private","x-xss-protection":"0","x-frame-options":"SAMEORIGIN","x-content-type-options":"nosniff","alt-svc":"h3-29=\":443\"; ma=2592000,h3-27=\":443\"; ma=2592000,h3-25=\":443\"; ma=2592000,h3-T050=\":443\"; ma=2592000,h3-Q050=\":443\"; ma=2592000,h3-Q046=\":443\"; ma=2592000,h3-Q043=\":443\"; ma=2592000,quic=\":443\"; ma=2592000; v=\"46,43\"","accept-ranges":"none","transfer-encoding":"chunked"}
[info] 
[info] === Serving from '/Users/travischan/Documents/Codes/Personal_Project/soccer_blog'...
[info] 
[debug] [2020-07-10T00:39:53.878Z] >>> HTTP REQUEST GET https://firebase.googleapis.com/v1beta1/projects/soccer-blog-723a1/webApps/-/config  
 
[warn] ⚠  Your requested "node" version "8" doesn't match your global version "12" {"metadata":{"emulator":{"name":"functions"},"message":"Your requested \"node\" version \"8\" doesn't match your global version \"12\""}}
[debug] [2020-07-10T00:39:54.746Z] <<< HTTP RESPONSE 200 {"content-type":"application/json; charset=UTF-8","vary":"X-Origin, Referer, Origin,Accept-Encoding","date":"Fri, 10 Jul 2020 00:39:54 GMT","server":"ESF","cache-control":"private","x-xss-protection":"0","x-frame-options":"SAMEORIGIN","x-content-type-options":"nosniff","alt-svc":"h3-29=\":443\"; ma=2592000,h3-27=\":443\"; ma=2592000,h3-25=\":443\"; ma=2592000,h3-T050=\":443\"; ma=2592000,h3-Q050=\":443\"; ma=2592000,h3-Q046=\":443\"; ma=2592000,h3-Q043=\":443\"; ma=2592000,quic=\":443\"; ma=2592000; v=\"46,43\"","accept-ranges":"none","transfer-encoding":"chunked"}
[info] i  functions: Watching "/Users/travischan/Documents/Codes/Personal_Project/soccer_blog/functions" for Cloud Functions... {"metadata":{"emulator":{"name":"functions"},"message":"Watching \"/Users/travischan/Documents/Codes/Personal_Project/soccer_blog/functions\" for Cloud Functions..."}}
[debug] [2020-07-10T00:39:54.783Z] [worker-pool] addWorker(~diagnostic~) {"metadata":{"emulator":{"name":"functions"},"message":"[worker-pool] addWorker(~diagnostic~)"}}
[debug] [2020-07-10T00:39:54.783Z] [worker-pool] Adding worker with key ~diagnostic~, total=1 {"metadata":{"emulator":{"name":"functions"},"message":"[worker-pool] Adding worker with key ~diagnostic~, total=1"}}
[debug] [2020-07-10T00:39:54.784Z] [worker-pool] submitWork(triggerId=) {"metadata":{"emulator":{"name":"functions"},"message":"[worker-pool] submitWork(triggerId=)"}}
[debug] [2020-07-10T00:39:54.784Z] [worker-~diagnostic~-3acf4ffc-4f88-46dd-89c8-be8f9ce4b79d]: Assigning socketPath: /var/folders/r9/_fmvn4ds67z6hms720f6sz2w0000gn/T/fire_emu_53413.sock {"metadata":{"emulator":{"name":"functions"},"message":"[worker-~diagnostic~-3acf4ffc-4f88-46dd-89c8-be8f9ce4b79d]: Assigning socketPath: /var/folders/r9/_fmvn4ds67z6hms720f6sz2w0000gn/T/fire_emu_53413.sock"}}
[debug] [2020-07-10T00:39:54.785Z] [worker-~diagnostic~-3acf4ffc-4f88-46dd-89c8-be8f9ce4b79d]: BUSY {"metadata":{"emulator":{"name":"functions"},"message":"[worker-~diagnostic~-3acf4ffc-4f88-46dd-89c8-be8f9ce4b79d]: BUSY"}}
[info] i  hosting: Serving hosting files from: build {"metadata":{"emulator":{"name":"hosting"},"message":"Serving hosting files from: \u001b[1mbuild\u001b[22m"}}
[info] ✔  hosting: Local server: http://localhost:5000 {"metadata":{"emulator":{"name":"hosting"},"message":"Local server: \u001b[4m\u001b[1mhttp://localhost:5000\u001b[22m\u001b[24m"}}
[debug] [2020-07-10T00:39:55.796Z] [runtime-status] [53413] Functions runtime initialized. {"cwd":"/Users/travischan/Documents/Codes/Personal_Project/soccer_blog/functions","node_version":"12.17.0"} {"metadata":{"emulator":{"name":"functions"},"message":"[runtime-status] [53413] Functions runtime initialized. {\"cwd\":\"/Users/travischan/Documents/Codes/Personal_Project/soccer_blog/functions\",\"node_version\":\"12.17.0\"}"}}
[debug] [2020-07-10T00:39:55.798Z] [runtime-status] [53413] Disabled runtime features: undefined {"metadata":{"emulator":{"name":"functions"},"message":"[runtime-status] [53413] Disabled runtime features: undefined"}}
[debug] [2020-07-10T00:39:55.803Z] [runtime-status] [53413] Resolved module firebase-admin {"declared":true,"installed":true,"version":"8.12.1","resolution":"/Users/travischan/Documents/Codes/Personal_Project/soccer_blog/functions/node_modules/firebase-admin/lib/index.js"} {"metadata":{"emulator":{"name":"functions"},"message":"[runtime-status] [53413] Resolved module firebase-admin {\"declared\":true,\"installed\":true,\"version\":\"8.12.1\",\"resolution\":\"/Users/travischan/Documents/Codes/Personal_Project/soccer_blog/functions/node_modules/firebase-admin/lib/index.js\"}"}}
[debug] [2020-07-10T00:39:55.808Z] [runtime-status] [53413] Resolved module firebase-functions {"declared":true,"installed":true,"version":"3.7.0","resolution":"/Users/travischan/Documents/Codes/Personal_Project/soccer_blog/functions/node_modules/firebase-functions/lib/index.js"} {"metadata":{"emulator":{"name":"functions"},"message":"[runtime-status] [53413] Resolved module firebase-functions {\"declared\":true,\"installed\":true,\"version\":\"3.7.0\",\"resolution\":\"/Users/travischan/Documents/Codes/Personal_Project/soccer_blog/functions/node_modules/firebase-functions/lib/index.js\"}"}}
[debug] [2020-07-10T00:39:55.810Z] [runtime-status] [53413] Outgoing network have been stubbed. [{"name":"http","status":"mocked"},{"name":"http","status":"mocked"},{"name":"https","status":"mocked"},{"name":"https","status":"mocked"},{"name":"net","status":"mocked"}] {"metadata":{"emulator":{"name":"functions"},"message":"[runtime-status] [53413] Outgoing network have been stubbed. [{\"name\":\"http\",\"status\":\"mocked\"},{\"name\":\"http\",\"status\":\"mocked\"},{\"name\":\"https\",\"status\":\"mocked\"},{\"name\":\"https\",\"status\":\"mocked\"},{\"name\":\"net\",\"status\":\"mocked\"}]"}}
[debug] [2020-07-10T00:39:55.811Z] [runtime-status] [53413] Resolved module firebase-functions {"declared":true,"installed":true,"version":"3.7.0","resolution":"/Users/travischan/Documents/Codes/Personal_Project/soccer_blog/functions/node_modules/firebase-functions/lib/index.js"} {"metadata":{"emulator":{"name":"functions"},"message":"[runtime-status] [53413] Resolved module firebase-functions {\"declared\":true,\"installed\":true,\"version\":\"3.7.0\",\"resolution\":\"/Users/travischan/Documents/Codes/Personal_Project/soccer_blog/functions/node_modules/firebase-functions/lib/index.js\"}"}}
[debug] [2020-07-10T00:39:55.939Z] [runtime-status] [53413] Checked functions.config() {"config":{}} {"metadata":{"emulator":{"name":"functions"},"message":"[runtime-status] [53413] Checked functions.config() {\"config\":{}}"}}
[debug] [2020-07-10T00:39:55.940Z] [runtime-status] [53413] firebase-functions has been stubbed. {"functionsResolution":{"declared":true,"installed":true,"version":"3.7.0","resolution":"/Users/travischan/Documents/Codes/Personal_Project/soccer_blog/functions/node_modules/firebase-functions/lib/index.js"}} {"metadata":{"emulator":{"name":"functions"},"message":"[runtime-status] [53413] firebase-functions has been stubbed. {\"functionsResolution\":{\"declared\":true,\"installed\":true,\"version\":\"3.7.0\",\"resolution\":\"/Users/travischan/Documents/Codes/Personal_Project/soccer_blog/functions/node_modules/firebase-functions/lib/index.js\"}}"}}
[debug] [2020-07-10T00:39:55.941Z] [runtime-status] [53413] Resolved module firebase-functions {"declared":true,"installed":true,"version":"3.7.0","resolution":"/Users/travischan/Documents/Codes/Personal_Project/soccer_blog/functions/node_modules/firebase-functions/lib/index.js"} {"metadata":{"emulator":{"name":"functions"},"message":"[runtime-status] [53413] Resolved module firebase-functions {\"declared\":true,\"installed\":true,\"version\":\"3.7.0\",\"resolution\":\"/Users/travischan/Documents/Codes/Personal_Project/soccer_blog/functions/node_modules/firebase-functions/lib/index.js\"}"}}
[debug] [2020-07-10T00:39:55.943Z] [runtime-status] [53413] Resolved module firebase-admin {"declared":true,"installed":true,"version":"8.12.1","resolution":"/Users/travischan/Documents/Codes/Personal_Project/soccer_blog/functions/node_modules/firebase-admin/lib/index.js"} {"metadata":{"emulator":{"name":"functions"},"message":"[runtime-status] [53413] Resolved module firebase-admin {\"declared\":true,\"installed\":true,\"version\":\"8.12.1\",\"resolution\":\"/Users/travischan/Documents/Codes/Personal_Project/soccer_blog/functions/node_modules/firebase-admin/lib/index.js\"}"}}
[debug] [2020-07-10T00:39:55.945Z] [runtime-status] [53413] Resolved module firebase-functions {"declared":true,"installed":true,"version":"3.7.0","resolution":"/Users/travischan/Documents/Codes/Personal_Project/soccer_blog/functions/node_modules/firebase-functions/lib/index.js"} {"metadata":{"emulator":{"name":"functions"},"message":"[runtime-status] [53413] Resolved module firebase-functions {\"declared\":true,\"installed\":true,\"version\":\"3.7.0\",\"resolution\":\"/Users/travischan/Documents/Codes/Personal_Project/soccer_blog/functions/node_modules/firebase-functions/lib/index.js\"}"}}
[debug] [2020-07-10T00:39:55.945Z] [runtime-status] [53413] firebase-admin has been stubbed. {"adminResolution":{"declared":true,"installed":true,"version":"8.12.1","resolution":"/Users/travischan/Documents/Codes/Personal_Project/soccer_blog/functions/node_modules/firebase-admin/lib/index.js"}} {"metadata":{"emulator":{"name":"functions"},"message":"[runtime-status] [53413] firebase-admin has been stubbed. {\"adminResolution\":{\"declared\":true,\"installed\":true,\"version\":\"8.12.1\",\"resolution\":\"/Users/travischan/Documents/Codes/Personal_Project/soccer_blog/functions/node_modules/firebase-admin/lib/index.js\"}}"}}
[debug] [2020-07-10T00:39:56.250Z] [runtime-status] [53413] initializeApp(DEFAULT) {"databaseURL":"https://soccer-blog-723a1.firebaseio.com","storageBucket":"soccer-blog-723a1.appspot.com","projectId":"soccer-blog-723a1"} {"metadata":{"emulator":{"name":"functions"},"message":"[runtime-status] [53413] initializeApp(DEFAULT) {\"databaseURL\":\"https://soccer-blog-723a1.firebaseio.com\",\"storageBucket\":\"soccer-blog-723a1.appspot.com\",\"projectId\":\"soccer-blog-723a1\"}"}}
[warn] ⚠  functions: The Cloud Firestore emulator is not running, so calls to Firestore will affect production. {"metadata":{"emulator":{"name":"functions"},"message":"The Cloud Firestore emulator is not running, so calls to Firestore will affect production."}}
[info] ✔  functions[app]: http function initialized (http://localhost:5001/soccer-blog-723a1/us-central1/app). {"metadata":{"emulator":{"name":"functions"},"message":"\u001b[1mhttp\u001b[22m function initialized (http://localhost:5001/soccer-blog-723a1/us-central1/app)."}}
[debug] [2020-07-10T00:39:56.810Z] [worker-~diagnostic~-3acf4ffc-4f88-46dd-89c8-be8f9ce4b79d]: IDLE {"metadata":{"emulator":{"name":"functions"},"message":"[worker-~diagnostic~-3acf4ffc-4f88-46dd-89c8-be8f9ce4b79d]: IDLE"}}
